This file contains any messages produced by compilers while
running configure, to aid debugging if configure makes a mistake.

It was created by swig configure 3.0.12, which was
generated by GNU Autoconf 2.69.  Invocation command line was

  $ ./configure 

## --------- ##
## Platform. ##
## --------- ##

hostname = mxDesktop
uname -m = x86_64
uname -r = 4.10.0-28-generic
uname -s = Linux
uname -v = #32~16.04.2-Ubuntu SMP Thu Jul 20 10:19:48 UTC 2017

/usr/bin/uname -p = unknown
/bin/uname -X     = unknown

/bin/arch              = unknown
/usr/bin/arch -k       = unknown
/usr/convex/getsysinfo = unknown
/usr/bin/hostinfo      = unknown
/bin/machine           = unknown
/usr/bin/oslevel       = unknown
/bin/universe          = unknown

PATH: /home/intel/catkin_ws/devel/bin
PATH: /opt/ros/kinetic/bin
PATH: /home/intel/bin
PATH: /home/intel/.local/bin
PATH: /usr/local/sbin
PATH: /usr/local/bin
PATH: /usr/sbin
PATH: /usr/bin
PATH: /sbin
PATH: /bin
PATH: /usr/games
PATH: /usr/local/games
PATH: /snap/bin


## ----------- ##
## Core tests. ##
## ----------- ##

configure:2831: checking build system type
configure:2845: result: x86_64-pc-linux-gnu
configure:2865: checking host system type
configure:2878: result: x86_64-pc-linux-gnu
configure:2914: checking for a BSD-compatible install
configure:2982: result: /usr/bin/install -c
configure:2993: checking whether build environment is sane
configure:3048: result: yes
configure:3199: checking for a thread-safe mkdir -p
configure:3238: result: /bin/mkdir -p
configure:3245: checking for gawk
configure:3275: result: no
configure:3245: checking for mawk
configure:3261: found /usr/bin/mawk
configure:3272: result: mawk
configure:3283: checking whether make sets $(MAKE)
configure:3305: result: yes
configure:3334: checking whether make supports nested variables
configure:3351: result: yes
configure:3528: checking for gcc
configure:3544: found /usr/bin/gcc
configure:3555: result: gcc
configure:3784: checking for C compiler version
configure:3793: gcc --version >&5
gcc (Ubuntu 5.4.0-6ubuntu1~16.04.9) 5.4.0 20160609
Copyright (C) 2015 Free Software Foundation, Inc.
This is free software; see the source for copying conditions.  There is NO
warranty; not even for MERCHANTABILITY or FITNESS FOR A PARTICULAR PURPOSE.

configure:3804: $? = 0
configure:3793: gcc -v >&5
Using built-in specs.
COLLECT_GCC=gcc
COLLECT_LTO_WRAPPER=/usr/lib/gcc/x86_64-linux-gnu/5/lto-wrapper
Target: x86_64-linux-gnu
Configured with: ../src/configure -v --with-pkgversion='Ubuntu 5.4.0-6ubuntu1~16.04.9' --with-bugurl=file:///usr/share/doc/gcc-5/README.Bugs --enable-languages=c,ada,c++,java,go,d,fortran,objc,obj-c++ --prefix=/usr --program-suffix=-5 --enable-shared --enable-linker-build-id --libexecdir=/usr/lib --without-included-gettext --enable-threads=posix --libdir=/usr/lib --enable-nls --with-sysroot=/ --enable-clocale=gnu --enable-libstdcxx-debug --enable-libstdcxx-time=yes --with-default-libstdcxx-abi=new --enable-gnu-unique-object --disable-vtable-verify --enable-libmpx --enable-plugin --with-system-zlib --disable-browser-plugin --enable-java-awt=gtk --enable-gtk-cairo --with-java-home=/usr/lib/jvm/java-1.5.0-gcj-5-amd64/jre --enable-java-home --with-jvm-root-dir=/usr/lib/jvm/java-1.5.0-gcj-5-amd64 --with-jvm-jar-dir=/usr/lib/jvm-exports/java-1.5.0-gcj-5-amd64 --with-arch-directory=amd64 --with-ecj-jar=/usr/share/java/eclipse-ecj.jar --enable-objc-gc --enable-multiarch --disable-werror --with-arch-32=i686 --with-abi=m64 --with-multilib-list=m32,m64,mx32 --enable-multilib --with-tune=generic --enable-checking=release --build=x86_64-linux-gnu --host=x86_64-linux-gnu --target=x86_64-linux-gnu
Thread model: posix
gcc version 5.4.0 20160609 (Ubuntu 5.4.0-6ubuntu1~16.04.9) 
configure:3804: $? = 0
configure:3793: gcc -V >&5
gcc: error: unrecognized command line option '-V'
gcc: fatal error: no input files
compilation terminated.
configure:3804: $? = 1
configure:3793: gcc -qversion >&5
gcc: error: unrecognized command line option '-qversion'
gcc: fatal error: no input files
compilation terminated.
configure:3804: $? = 1
configure:3824: checking whether the C compiler works
configure:3846: gcc    conftest.c  >&5
configure:3850: $? = 0
configure:3898: result: yes
configure:3901: checking for C compiler default output file name
configure:3903: result: a.out
configure:3909: checking for suffix of executables
configure:3916: gcc -o conftest    conftest.c  >&5
configure:3920: $? = 0
configure:3942: result: 
configure:3964: checking whether we are cross compiling
configure:3972: gcc -o conftest    conftest.c  >&5
configure:3976: $? = 0
configure:3983: ./conftest
configure:3987: $? = 0
configure:4002: result: no
configure:4007: checking for suffix of object files
configure:4029: gcc -c   conftest.c >&5
configure:4033: $? = 0
configure:4054: result: o
configure:4058: checking whether we are using the GNU C compiler
configure:4077: gcc -c   conftest.c >&5
configure:4077: $? = 0
configure:4086: result: yes
configure:4095: checking whether gcc accepts -g
configure:4115: gcc -c -g  conftest.c >&5
configure:4115: $? = 0
configure:4156: result: yes
configure:4173: checking for gcc option to accept ISO C89
configure:4236: gcc  -c -g -O2  conftest.c >&5
configure:4236: $? = 0
configure:4249: result: none needed
configure:4274: checking whether gcc understands -c and -o together
configure:4296: gcc -c conftest.c -o conftest2.o
configure:4299: $? = 0
configure:4296: gcc -c conftest.c -o conftest2.o
configure:4299: $? = 0
configure:4311: result: yes
configure:4339: checking for style of include used by make
configure:4367: result: GNU
configure:4393: checking dependency style of gcc
configure:4504: result: gcc3
configure:4577: checking for g++
configure:4593: found /usr/bin/g++
configure:4604: result: g++
configure:4631: checking for C++ compiler version
configure:4640: g++ --version >&5
g++ (Ubuntu 5.4.0-6ubuntu1~16.04.9) 5.4.0 20160609
Copyright (C) 2015 Free Software Foundation, Inc.
This is free software; see the source for copying conditions.  There is NO
warranty; not even for MERCHANTABILITY or FITNESS FOR A PARTICULAR PURPOSE.

configure:4651: $? = 0
configure:4640: g++ -v >&5
Using built-in specs.
COLLECT_GCC=g++
COLLECT_LTO_WRAPPER=/usr/lib/gcc/x86_64-linux-gnu/5/lto-wrapper
Target: x86_64-linux-gnu
Configured with: ../src/configure -v --with-pkgversion='Ubuntu 5.4.0-6ubuntu1~16.04.9' --with-bugurl=file:///usr/share/doc/gcc-5/README.Bugs --enable-languages=c,ada,c++,java,go,d,fortran,objc,obj-c++ --prefix=/usr --program-suffix=-5 --enable-shared --enable-linker-build-id --libexecdir=/usr/lib --without-included-gettext --enable-threads=posix --libdir=/usr/lib --enable-nls --with-sysroot=/ --enable-clocale=gnu --enable-libstdcxx-debug --enable-libstdcxx-time=yes --with-default-libstdcxx-abi=new --enable-gnu-unique-object --disable-vtable-verify --enable-libmpx --enable-plugin --with-system-zlib --disable-browser-plugin --enable-java-awt=gtk --enable-gtk-cairo --with-java-home=/usr/lib/jvm/java-1.5.0-gcj-5-amd64/jre --enable-java-home --with-jvm-root-dir=/usr/lib/jvm/java-1.5.0-gcj-5-amd64 --with-jvm-jar-dir=/usr/lib/jvm-exports/java-1.5.0-gcj-5-amd64 --with-arch-directory=amd64 --with-ecj-jar=/usr/share/java/eclipse-ecj.jar --enable-objc-gc --enable-multiarch --disable-werror --with-arch-32=i686 --with-abi=m64 --with-multilib-list=m32,m64,mx32 --enable-multilib --with-tune=generic --enable-checking=release --build=x86_64-linux-gnu --host=x86_64-linux-gnu --target=x86_64-linux-gnu
Thread model: posix
gcc version 5.4.0 20160609 (Ubuntu 5.4.0-6ubuntu1~16.04.9) 
configure:4651: $? = 0
configure:4640: g++ -V >&5
g++: error: unrecognized command line option '-V'
g++: fatal error: no input files
compilation terminated.
configure:4651: $? = 1
configure:4640: g++ -qversion >&5
g++: error: unrecognized command line option '-qversion'
g++: fatal error: no input files
compilation terminated.
configure:4651: $? = 1
configure:4655: checking whether we are using the GNU C++ compiler
configure:4674: g++ -c   conftest.cpp >&5
configure:4674: $? = 0
configure:4683: result: yes
configure:4692: checking whether g++ accepts -g
configure:4712: g++ -c -g  conftest.cpp >&5
configure:4712: $? = 0
configure:4753: result: yes
configure:4778: checking dependency style of g++
configure:4889: result: gcc3
configure:4909: checking maximum warning verbosity option
configure:4947: result: -Wall -W -ansi -pedantic for C++ -Wall -W -ansi -pedantic for C
configure:4970: checking how to run the C preprocessor
configure:5001: gcc -E  conftest.c
configure:5001: $? = 0
configure:5015: gcc -E  conftest.c
conftest.c:13:28: fatal error: ac_nonexistent.h: No such file or directory
compilation terminated.
configure:5015: $? = 1
configure: failed program was:
| /* confdefs.h */
| #define PACKAGE_NAME "swig"
| #define PACKAGE_TARNAME "swig"
| #define PACKAGE_VERSION "3.0.12"
| #define PACKAGE_STRING "swig 3.0.12"
| #define PACKAGE_BUGREPORT "http://www.swig.org"
| #define PACKAGE_URL ""
| #define PACKAGE "swig"
| #define VERSION "3.0.12"
| #define SWIG_CXX "g++"
| #define SWIG_PLATFORM "x86_64-pc-linux-gnu"
| /* end confdefs.h.  */
| #include <ac_nonexistent.h>
configure:5040: result: gcc -E
configure:5060: gcc -E  conftest.c
configure:5060: $? = 0
configure:5074: gcc -E  conftest.c
conftest.c:13:28: fatal error: ac_nonexistent.h: No such file or directory
compilation terminated.
configure:5074: $? = 1
configure: failed program was:
| /* confdefs.h */
| #define PACKAGE_NAME "swig"
| #define PACKAGE_TARNAME "swig"
| #define PACKAGE_VERSION "3.0.12"
| #define PACKAGE_STRING "swig 3.0.12"
| #define PACKAGE_BUGREPORT "http://www.swig.org"
| #define PACKAGE_URL ""
| #define PACKAGE "swig"
| #define VERSION "3.0.12"
| #define SWIG_CXX "g++"
| #define SWIG_PLATFORM "x86_64-pc-linux-gnu"
| /* end confdefs.h.  */
| #include <ac_nonexistent.h>
configure:5103: checking for grep that handles long lines and -e
configure:5161: result: /bin/grep
configure:5166: checking for egrep
configure:5228: result: /bin/grep -E
configure:5233: checking for ANSI C header files
configure:5253: gcc -c -g -O2 -Wall -W -ansi -pedantic  conftest.c >&5
configure:5253: $? = 0
configure:5326: gcc -o conftest -g -O2 -Wall -W -ansi -pedantic   conftest.c  >&5
configure:5326: $? = 0
configure:5326: ./conftest
configure:5326: $? = 0
configure:5337: result: yes
configure:5356: checking for popen
configure:5356: gcc -o conftest -g -O2 -Wall -W -ansi -pedantic   conftest.c  >&5
configure:5356: $? = 0
configure:5356: result: yes
configure:5380: checking whether to enable PCRE support
configure:5382: result: yes
configure:5386: checking whether to use local PCRE
configure:5395: result: no
configure:5398: checking for a sed that does not truncate output
configure:5462: result: /bin/sed
configure:5532: checking for pcre-config
configure:5550: found /usr/bin/pcre-config
configure:5562: result: /usr/bin/pcre-config
configure:5732: checking whether to enable ccache-swig
configure:5734: result: yes
configure:5756: checking for bison
configure:5786: result: no
configure:5756: checking for byacc
configure:5772: found /usr/bin/byacc
configure:5783: result: byacc
configure:5851: checking for boostlib >= 1.20.0
configure:5934: g++ -c -g -O2 -Wall -W -ansi -pedantic   -I/usr/include conftest.cpp >&5
configure:5934: $? = 0
configure:5936: result: yes
configure:6099: ISYSTEM: -isystem 
configure:6104: checking SO
configure:6115: result: .so
configure:6122: checking LDSHARED
configure:6171: result: gcc -shared
configure:6177: checking CXXSHARED
configure:6183: result: gcc -shared
configure:6187: checking TRYLINKINGWITHCXX
configure:6212: result: CXXSHARED= g++ -shared 
configure:6216: checking CCSHARED
configure:6237: result: -fpic
configure:6241: checking RPATH
configure:6252: result: -Xlinker -rpath $(exec_prefix)/lib -Xlinker -rpath .
configure:6258: checking LINKFORSHARED
configure:6272: result: -Xlinker -export-dynamic
configure:6276: checking PLATCFLAGS
configure:6286: result: 
configure:6297: checking whether to enable C++11 testing
configure:6299: result: no
configure:6499: checking for dlopen in -ldl
configure:6524: gcc -o conftest -g -O2 -Wall -W -ansi -pedantic    conftest.c -ldl   -lpcre >&5
configure:6524: $? = 0
configure:6533: result: yes
configure:6544: checking for shl_load in -ldld
configure:6569: gcc -o conftest -g -O2 -Wall -W -ansi -pedantic    conftest.c -ldld  -ldl  -lpcre >&5
/usr/bin/ld: cannot find -ldld
collect2: error: ld returned 1 exit status
configure:6569: $? = 1
configure: failed program was:
| /* confdefs.h */
| #define PACKAGE_NAME "swig"
| #define PACKAGE_TARNAME "swig"
| #define PACKAGE_VERSION "3.0.12"
| #define PACKAGE_STRING "swig 3.0.12"
| #define PACKAGE_BUGREPORT "http://www.swig.org"
| #define PACKAGE_URL ""
| #define PACKAGE "swig"
| #define VERSION "3.0.12"
| #define SWIG_CXX "g++"
| #define SWIG_PLATFORM "x86_64-pc-linux-gnu"
| #define STDC_HEADERS 1
| #define HAVE_POPEN 1
| #define HAVE_PCRE 1
| #define HAVE_BOOST /**/
| #define HAVE_LIBDL 1
| /* end confdefs.h.  */
| 
| /* Override any GCC internal prototype to avoid an error.
|    Use char because int might match the return type of a GCC
|    builtin and then its argument prototype would still apply.  */
| #ifdef __cplusplus
| extern "C"
| #endif
| char shl_load ();
| int
| main ()
| {
| return shl_load ();
|   ;
|   return 0;
| }
configure:6578: result: no
configure:6590: checking for library containing t_open
configure:6621: gcc -o conftest -g -O2 -Wall -W -ansi -pedantic    conftest.c -ldl  -lpcre >&5
/tmp/cc8D8786.o: In function `main':
/home/intel/ros_voice_system/src/respeaker/swig-3.0.12/conftest.c:29: undefined reference to `t_open'
collect2: error: ld returned 1 exit status
configure:6621: $? = 1
configure: failed program was:
| /* confdefs.h */
| #define PACKAGE_NAME "swig"
| #define PACKAGE_TARNAME "swig"
| #define PACKAGE_VERSION "3.0.12"
| #define PACKAGE_STRING "swig 3.0.12"
| #define PACKAGE_BUGREPORT "http://www.swig.org"
| #define PACKAGE_URL ""
| #define PACKAGE "swig"
| #define VERSION "3.0.12"
| #define SWIG_CXX "g++"
| #define SWIG_PLATFORM "x86_64-pc-linux-gnu"
| #define STDC_HEADERS 1
| #define HAVE_POPEN 1
| #define HAVE_PCRE 1
| #define HAVE_BOOST /**/
| #define HAVE_LIBDL 1
| /* end confdefs.h.  */
| 
| /* Override any GCC internal prototype to avoid an error.
|    Use char because int might match the return type of a GCC
|    builtin and then its argument prototype would still apply.  */
| #ifdef __cplusplus
| extern "C"
| #endif
| char t_open ();
| int
| main ()
| {
| return t_open ();
|   ;
|   return 0;
| }
configure:6621: gcc -o conftest -g -O2 -Wall -W -ansi -pedantic    conftest.c -lnsl  -ldl  -lpcre >&5
/tmp/cc9j5kC9.o: In function `main':
/home/intel/ros_voice_system/src/respeaker/swig-3.0.12/conftest.c:29: undefined reference to `t_open'
collect2: error: ld returned 1 exit status
configure:6621: $? = 1
configure: failed program was:
| /* confdefs.h */
| #define PACKAGE_NAME "swig"
| #define PACKAGE_TARNAME "swig"
| #define PACKAGE_VERSION "3.0.12"
| #define PACKAGE_STRING "swig 3.0.12"
| #define PACKAGE_BUGREPORT "http://www.swig.org"
| #define PACKAGE_URL ""
| #define PACKAGE "swig"
| #define VERSION "3.0.12"
| #define SWIG_CXX "g++"
| #define SWIG_PLATFORM "x86_64-pc-linux-gnu"
| #define STDC_HEADERS 1
| #define HAVE_POPEN 1
| #define HAVE_PCRE 1
| #define HAVE_BOOST /**/
| #define HAVE_LIBDL 1
| /* end confdefs.h.  */
| 
| /* Override any GCC internal prototype to avoid an error.
|    Use char because int might match the return type of a GCC
|    builtin and then its argument prototype would still apply.  */
| #ifdef __cplusplus
| extern "C"
| #endif
| char t_open ();
| int
| main ()
| {
| return t_open ();
|   ;
|   return 0;
| }
configure:6638: result: no
configure:6646: checking for library containing gethostbyname
configure:6677: gcc -o conftest -g -O2 -Wall -W -ansi -pedantic    conftest.c -ldl  -lpcre >&5
configure:6677: $? = 0
configure:6694: result: none required
configure:6702: checking for library containing socket
configure:6733: gcc -o conftest -g -O2 -Wall -W -ansi -pedantic    conftest.c -ldl  -lpcre >&5
configure:6733: $? = 0
configure:6750: result: none required
configure:6759: checking for swill_init in -lswill
configure:6784: gcc -o conftest -g -O2 -Wall -W -ansi -pedantic    conftest.c -lswill  -ldl  -lpcre >&5
/usr/bin/ld: cannot find -lswill
collect2: error: ld returned 1 exit status
configure:6784: $? = 1
configure: failed program was:
| /* confdefs.h */
| #define PACKAGE_NAME "swig"
| #define PACKAGE_TARNAME "swig"
| #define PACKAGE_VERSION "3.0.12"
| #define PACKAGE_STRING "swig 3.0.12"
| #define PACKAGE_BUGREPORT "http://www.swig.org"
| #define PACKAGE_URL ""
| #define PACKAGE "swig"
| #define VERSION "3.0.12"
| #define SWIG_CXX "g++"
| #define SWIG_PLATFORM "x86_64-pc-linux-gnu"
| #define STDC_HEADERS 1
| #define HAVE_POPEN 1
| #define HAVE_PCRE 1
| #define HAVE_BOOST /**/
| #define HAVE_LIBDL 1
| /* end confdefs.h.  */
| 
| /* Override any GCC internal prototype to avoid an error.
|    Use char because int might match the return type of a GCC
|    builtin and then its argument prototype would still apply.  */
| #ifdef __cplusplus
| extern "C"
| #endif
| char swill_init ();
| int
| main ()
| {
| return swill_init ();
|   ;
|   return 0;
| }
configure:6793: result: no
configure:6815: checking for main in -lieee
configure:6834: gcc -o conftest -g -O2 -Wall -W -ansi -pedantic    conftest.c -lieee  -ldl  -lpcre >&5
configure:6834: $? = 0
configure:6843: result: yes
configure:6849: checking for crypt in -lcrypt
configure:6874: gcc -o conftest -g -O2 -Wall -W -ansi -pedantic    conftest.c -lcrypt  -ldl  -lpcre >&5
configure:6874: $? = 0
configure:6883: result: yes
configure:6925: checking for pkg-config
configure:6941: found /usr/bin/pkg-config
configure:6952: result: pkg-config
configure:7013: checking for Tcl configuration
configure:7039: result: found /usr/lib/tclConfig.sh
configure:7062: checking for Tcl header files
configure:7091: result: -isystem /usr/include/tcl8.6
configure:7095: checking for Tcl library
configure:7112: result: -L/usr/lib/x86_64-linux-gnu -ltcl8.6
configure:7170: checking for python
configure:7186: found /usr/bin/python
configure:7197: result: python
configure:7214: checking for python major version number
configure:7217: result: 2
configure:7222: checking for Python os.name
configure:7225: result: posix
configure:7231: checking for Python prefix
configure:7234: result: /usr
configure:7236: checking for Python exec-prefix
configure:7239: result: /usr
configure:7270: checking for Python version
configure:7276: result: python2.7
configure:7281: checking for Python lib dir
configure:7288: result: lib
configure:7293: checking for Python header files
configure:7303: result: -I/usr/include/python2.7 -I/usr/lib/python2.7/config
configure:7307: checking for Python library directory
configure:7321: result: Not found
configure:7327: checking for Python library
configure:7333: result: -lpython2.7
configure:7389: checking for python3
configure:7405: found /usr/bin/python3
configure:7416: result: python3
configure:7432: checking for python3-config
configure:7448: found /usr/bin/python3-config
configure:7459: result: python3-config
configure:7523: checking for python3 major version number
configure:7526: result: 3
configure:7534: checking for Python 3.x os.name
configure:7537: result: posix
configure:7587: checking for Python 3.x prefix
configure:7590: result: /usr
configure:7592: checking for Python 3.x exec-prefix
configure:7595: result: /usr
configure:7601: checking for Python 3.x version
configure:7607: result: python3.5
configure:7612: checking for Python 3.x lib dir
configure:7619: result: lib
configure:7624: checking for Python 3.x header files
configure:7627: result: -I/usr/include/python3.5m -I/usr/include/python3.5m
configure:7631: checking for Python 3.x library directory
configure:7641: result: Not found
configure:7650: checking for Python 3.x library
configure:7656: result: -lpython3.5
configure:7682: checking for pep8
configure:7712: result: no
configure:7758: checking for perl
configure:7774: found /usr/bin/perl
configure:7785: result: perl
configure:7803: checking for Perl5 header files
configure:7812: result: /usr/lib/x86_64-linux-gnu/perl/5.22/CORE
configure:7824: checking for Perl5 library
configure:7831: result: perl
configure:7834: checking for Perl5 ccflags
configure:7841: result: -D_REENTRANT -D_GNU_SOURCE -DDEBIAN -fwrapv -fno-strict-aliasing -pipe -isystem /usr/local/include -D_LARGEFILE_SOURCE -D_FILE_OFFSET_BITS=64
configure:7844: checking for Perl5 ccdlflags
configure:7851: result: -Wl,-E
configure:7854: checking for Perl5 cccdlflags
configure:7861: result: -fPIC
configure:7864: checking for Perl5 ldflags
configure:7871: result:  -fstack-protector-strong -L/usr/local/lib
configure:7874: checking for Perl5 Test::More module
configure:7881: result: found
configure:7936: checking for octave-cli
configure:7969: result: no
configure:8144: checking for scilab
configure:8174: result: no
configure:8314: checking for java JDK
configure:8348: result: no (JAVA_HOME is not defined)
configure:8360: checking for java
configure:8390: result: no
configure:8360: checking for kaffe
configure:8390: result: no
configure:8360: checking for guavac
configure:8390: result: no
configure:8411: checking for javac
configure:8441: result: no
configure:8454: checking for java include file jni.h
configure:8495: result: not found
configure:8634: checking for nodejs
configure:8664: result: no
configure:8634: checking for node
configure:8664: result: no
configure:8727: checking for JavaScriptCore/JavaScript.h
configure:8767: result: not found
configure:8782: checking for JavaScriptCore/Webkit library
configure:8789: result: not found
configure:8805: checking for V8 Javascript v8.h
configure:8838: result: not found
configure:8846: checking for V8 Javascript library
configure:8867: result: not found
configure:8938: checking for gcj
configure:8968: result: no
configure:8985: checking for gcjh
configure:9015: result: no
configure:9079: checking for android
configure:9109: result: no
configure:9126: checking for adb
configure:9156: result: no
configure:9173: checking for ant
configure:9203: result: no
configure:9220: checking for ndk-build
configure:9250: result: no
configure:9316: checking for guile-config
configure:9349: result: no
configure:9476: checking for mzscheme
configure:9509: result: no
configure:9521: checking for mzc
configure:9554: result: no
configure:9613: checking for ruby
configure:9629: found /usr/bin/ruby
configure:9640: result: ruby
configure:9655: checking for Ruby header files
configure:9684: result: could not locate ruby.h
configure:9689: checking for Ruby library
configure:9735: result: not found... using /usr/include/ruby-2.3.0
configure:9797: checking for php5
configure:9827: result: no
configure:9797: checking for php
configure:9827: result: no
configure:9898: checking for php7.1
configure:9928: result: no
configure:9898: checking for php7.0
configure:9928: result: no
configure:9898: checking for php
configure:9928: result: no
configure:10032: checking for Ocaml DL load generator
configure:10039: checking for ocamldlgen
configure:10069: result: no
configure:10079: checking for Ocaml package tool
configure:10086: checking for ocamlfind
configure:10116: result: no
configure:10126: checking for Ocaml compiler
configure:10133: checking for ocamlc
configure:10163: result: no
configure:10173: checking for Ocaml toplevel creator
configure:10180: checking for ocamlmktop
configure:10210: result: no
configure:10220: checking for Ocaml Pre-Processor-Pretty-Printer
configure:10227: checking for camlp4
configure:10257: result: no
configure:10302: checking for pike
configure:10332: result: no
configure:10302: checking for pike7.8
configure:10332: result: no
configure:10302: checking for pike7.6
configure:10332: result: no
configure:10302: checking for pike7.4
configure:10332: result: no
configure:10302: checking for pike7.2
configure:10332: result: no
configure:10471: checking for chicken
configure:10501: result: no
configure:10527: checking for csc
configure:10557: result: no
configure:10594: checking for csi
configure:10624: result: no
configure:10860: checking for mono-csc
configure:10890: result: no
configure:10860: checking for gmcs
configure:10890: result: no
configure:10860: checking for mcs
configure:10890: result: no
configure:10860: checking for cscc
configure:10890: result: no
configure:11119: checking for lua5.4
configure:11152: result: no
configure:11119: checking for lua5.3
configure:11152: result: no
configure:11119: checking for lua5.2
configure:11152: result: no
configure:11119: checking for lua5.1
configure:11152: result: no
configure:11119: checking for lua
configure:11152: result: no
configure:11415: checking for alisp
configure:11448: result: no
configure:11484: checking for clisp
configure:11517: result: no
configure:11553: checking for R
configure:11586: result: no
configure:11630: checking for go
configure:11660: result: no
configure:11736: checking for gccgo
configure:11766: result: no
configure:11895: checking for dmd
configure:11925: result: no
configure:11895: checking for ldmd
configure:11925: result: no
configure:11895: checking for gdmd
configure:11925: result: no
configure:11980: checking for dmd
configure:12010: result: no
configure:11980: checking for gdmd
configure:12010: result: no
configure:12502: checking that generated files are newer than configure
configure:12508: result: done
configure:12535: creating ./config.status

## ---------------------- ##
## Running config.status. ##
## ---------------------- ##

This file was extended by swig config.status 3.0.12, which was
generated by GNU Autoconf 2.69.  Invocation command line was

  CONFIG_FILES    = 
  CONFIG_HEADERS  = 
  CONFIG_LINKS    = 
  CONFIG_COMMANDS = 
  $ ./config.status 

on mxDesktop

config.status:1092: creating Makefile
config.status:1092: creating swig.spec
config.status:1092: creating Examples/Makefile
config.status:1092: creating Examples/d/example.mk
config.status:1092: creating Examples/xml/Makefile
config.status:1092: creating Examples/test-suite/errors/Makefile
config.status:1092: creating Examples/test-suite/chicken/Makefile
config.status:1092: creating Examples/test-suite/csharp/Makefile
config.status:1092: creating Examples/test-suite/d/Makefile
config.status:1092: creating Examples/test-suite/guile/Makefile
config.status:1092: creating Examples/test-suite/java/Makefile
config.status:1092: creating Examples/test-suite/javascript/Makefile
config.status:1092: creating Examples/test-suite/mzscheme/Makefile
config.status:1092: creating Examples/test-suite/ocaml/Makefile
config.status:1092: creating Examples/test-suite/octave/Makefile
config.status:1092: creating Examples/test-suite/perl5/Makefile
config.status:1092: creating Examples/test-suite/php/Makefile
config.status:1092: creating Examples/test-suite/php5/Makefile
config.status:1092: creating Examples/test-suite/pike/Makefile
config.status:1092: creating Examples/test-suite/python/Makefile
config.status:1092: creating Examples/test-suite/ruby/Makefile
config.status:1092: creating Examples/test-suite/scilab/Makefile
config.status:1092: creating Examples/test-suite/tcl/Makefile
config.status:1092: creating Examples/test-suite/lua/Makefile
config.status:1092: creating Examples/test-suite/allegrocl/Makefile
config.status:1092: creating Examples/test-suite/clisp/Makefile
config.status:1092: creating Examples/test-suite/cffi/Makefile
config.status:1092: creating Examples/test-suite/uffi/Makefile
config.status:1092: creating Examples/test-suite/r/Makefile
config.status:1092: creating Examples/test-suite/go/Makefile
config.status:1092: creating Source/Makefile
config.status:1092: creating Tools/javascript/Makefile
config.status:1092: creating preinst-swig
config.status:1092: creating CCache/ccache_swig_config.h
config.status:1092: creating Source/Include/swigconfig.h
config.status:1273: Source/Include/swigconfig.h is unchanged
config.status:1321: executing depfiles commands
config.status:1321: executing Examples commands
configure:13977: === configuring in CCache (/home/intel/ros_voice_system/src/respeaker/swig-3.0.12/CCache)
configure:14040: running /bin/bash ./configure --disable-option-checking '--prefix=/usr/local'  --cache-file=/dev/null --srcdir=.

## ---------------- ##
## Cache variables. ##
## ---------------- ##

ac_cv_build=x86_64-pc-linux-gnu
ac_cv_c_compiler_gnu=yes
ac_cv_cxx_compiler_gnu=yes
ac_cv_env_CCC_set=
ac_cv_env_CCC_value=
ac_cv_env_CC_set=
ac_cv_env_CC_value=
ac_cv_env_CFLAGS_set=
ac_cv_env_CFLAGS_value=
ac_cv_env_CPPFLAGS_set=
ac_cv_env_CPPFLAGS_value=
ac_cv_env_CPP_set=
ac_cv_env_CPP_value=
ac_cv_env_CXXFLAGS_set=
ac_cv_env_CXXFLAGS_value=
ac_cv_env_CXX_set=
ac_cv_env_CXX_value=
ac_cv_env_LDFLAGS_set=
ac_cv_env_LDFLAGS_value=
ac_cv_env_LIBS_set=
ac_cv_env_LIBS_value=
ac_cv_env_PCRE_CFLAGS_set=
ac_cv_env_PCRE_CFLAGS_value=
ac_cv_env_PCRE_CONFIG_set=
ac_cv_env_PCRE_CONFIG_value=
ac_cv_env_PCRE_LIBS_set=
ac_cv_env_PCRE_LIBS_value=
ac_cv_env_YACC_set=
ac_cv_env_YACC_value=
ac_cv_env_YFLAGS_set=
ac_cv_env_YFLAGS_value=
ac_cv_env_build_alias_set=
ac_cv_env_build_alias_value=
ac_cv_env_host_alias_set=
ac_cv_env_host_alias_value=
ac_cv_env_target_alias_set=
ac_cv_env_target_alias_value=
ac_cv_func_popen=yes
ac_cv_header_stdc=yes
ac_cv_host=x86_64-pc-linux-gnu
ac_cv_lib_crypt_crypt=yes
ac_cv_lib_dl_dlopen=yes
ac_cv_lib_dld_shl_load=no
ac_cv_lib_ieee_main=yes
ac_cv_lib_swill_swill_init=no
ac_cv_objext=o
ac_cv_path_EGREP='/bin/grep -E'
ac_cv_path_GREP=/bin/grep
ac_cv_path_PCRE_CONFIG=/usr/bin/pcre-config
ac_cv_path_SED=/bin/sed
ac_cv_path_install='/usr/bin/install -c'
ac_cv_path_mkdir=/bin/mkdir
ac_cv_prog_AWK=mawk
ac_cv_prog_CPP='gcc -E'
ac_cv_prog_PERL=perl
ac_cv_prog_PKGCONFIG=pkg-config
ac_cv_prog_PY3CONFIG=python3-config
ac_cv_prog_PYTHON3=python3
ac_cv_prog_PYTHON=python
ac_cv_prog_RUBY=ruby
ac_cv_prog_YACC=byacc
ac_cv_prog_ac_ct_CC=gcc
ac_cv_prog_ac_ct_CXX=g++
ac_cv_prog_cc_c89=
ac_cv_prog_cc_g=yes
ac_cv_prog_cxx_g=yes
ac_cv_prog_make_make_set=yes
ac_cv_search_gethostbyname='none required'
ac_cv_search_socket='none required'
ac_cv_search_t_open=no
am_cv_CC_dependencies_compiler_type=gcc3
am_cv_CXX_dependencies_compiler_type=gcc3
am_cv_make_support_nested_variables=yes
am_cv_prog_cc_c_o=yes

## ----------------- ##
## Output variables. ##
## ----------------- ##

ACLOCAL='${SHELL} /home/intel/ros_voice_system/src/respeaker/swig-3.0.12/Tools/config/missing aclocal-1.15'
ADB=''
ALLEGROCLBIN=''
AMDEPBACKSLASH='\'
AMDEP_FALSE='#'
AMDEP_TRUE=''
AMTAR='$${TAR-tar}'
AM_BACKSLASH='\'
AM_DEFAULT_V='$(AM_DEFAULT_VERBOSITY)'
AM_DEFAULT_VERBOSITY='1'
AM_V='$(V)'
ANDROID=''
ANT=''
AUTOCONF='${SHELL} /home/intel/ros_voice_system/src/respeaker/swig-3.0.12/Tools/config/missing autoconf'
AUTOHEADER='${SHELL} /home/intel/ros_voice_system/src/respeaker/swig-3.0.12/Tools/config/missing autoheader'
AUTOMAKE='${SHELL} /home/intel/ros_voice_system/src/respeaker/swig-3.0.12/Tools/config/missing automake-1.15'
AWK='mawk'
BOOST_CPPFLAGS='-I/usr/include'
BOOST_LDFLAGS='-L/usr/lib/x86_64-linux-gnu'
CAMLP4=''
CC='gcc'
CCDEPMODE='depmode=gcc3'
CCSHARED='-fpic'
CFLAGS='-g -O2 -Wall -W -ansi -pedantic'
CHICKEN=''
CHICKENLIB=''
CHICKENOPTS=''
CHICKENSHAREDLIB=''
CHICKEN_CSC=''
CHICKEN_CSI=''
CLISPBIN=''
CPP='gcc -E'
CPPFLAGS=' '
CSHARPCFLAGS=''
CSHARPCILINTERPRETER=''
CSHARPCILINTERPRETER_FLAGS=''
CSHARPCOMPILER=''
CSHARPCONVERTPATH='Tools/convertpath -u'
CSHARPDYNAMICLINKING=''
CSHARPLIBRARYPREFIX='lib'
CSHARPSO='.so'
CXX='g++'
CXXDEPMODE='depmode=gcc3'
CXXFLAGS='-g -O2 -Wall -W -ansi -pedantic'
CXXSHARED='gcc -shared'
CYGPATH_W='echo'
D1COMPILER=''
D2COMPILER=''
DDEFAULTVERSION=''
DEFS='-DHAVE_CONFIG_H'
DEPDIR='.deps'
DLIBPREFIX='lib'
ECHO_C=''
ECHO_N='-n'
ECHO_T=''
EGREP='/bin/grep -E'
ENABLE_CCACHE='1'
EXEEXT=''
EXTRA_CLEAN=''
GCCGO=''
GCCGOOPT=''
GCJ=''
GCJH=''
GO12='false'
GO13='false'
GO15='false'
GO1='false'
GO=''
GOC=''
GOGCC='false'
GOOPT=''
GOVERSIONOPTION=''
GREP='/bin/grep'
GUILE='yes'
GUILE_CFLAGS=''
GUILE_CONFIG=''
GUILE_LIBS=''
GUILE_SO='.so'
HAVE_CXX11_COMPILER=''
INSTALL_DATA='${INSTALL} -m 644'
INSTALL_PROGRAM='${INSTALL}'
INSTALL_SCRIPT='${INSTALL}'
INSTALL_STRIP_PROGRAM='$(install_sh) -c -s'
JAVA=''
JAVAC=''
JAVACFLAGS=''
JAVACXXSHARED='$(CXXSHARED)'
JAVADYNAMICLINKING=''
JAVAFLAGS=''
JAVAINC=''
JAVALDSHARED='$(LDSHARED)'
JAVALIBRARYPREFIX='lib'
JAVASO='.so'
JSCENABLED=''
JSCOREDYNAMICLINKING=''
JSCOREINC=''
JSCOREVERSION=''
JSINTERPRETERCXX='$(CXX)'
JSINTERPRETERLINKFLAGS='-ldl'
JSV8DYNAMICLINKING=''
JSV8ENABLED=''
JSV8INC=''
LDFLAGS=''
LDSHARED='gcc -shared'
LIBC=''
LIBCRYPT='-lcrypt'
LIBM='-lieee -lm'
LIBOBJS=''
LIBS='-ldl  -lpcre'
LINKFORSHARED='-Xlinker -export-dynamic'
LTLIBOBJS=''
LUABIN=''
LUADYNAMICLINKING=''
LUAFLAGS=''
LUALINK=''
LUA_SO='.so'
MAKEINFO='${SHELL} /home/intel/ros_voice_system/src/respeaker/swig-3.0.12/Tools/config/missing makeinfo'
MKDIR_P='/bin/mkdir -p'
MZC=''
MZDYNOBJ=''
MZSCHEME=''
MZSCHEME_SO='.so'
NDKBUILD=''
NODEGYP=''
NODEJS=''
OBJEXT='o'
OCAMLC=''
OCAMLDLGEN=''
OCAMLFIND=''
OCAMLMKTOP=''
OCTAVE=''
OCTAVE_CPPFLAGS=''
OCTAVE_CXXFLAGS=''
OCTAVE_LDFLAGS=''
OCTAVE_SO='.oct'
PACKAGE='swig'
PACKAGE_BUGREPORT='http://www.swig.org'
PACKAGE_NAME='swig'
PACKAGE_STRING='swig 3.0.12'
PACKAGE_TARNAME='swig'
PACKAGE_URL=''
PACKAGE_VERSION='3.0.12'
PATH_SEPARATOR=':'
PCRE_CFLAGS=''
PCRE_CONFIG='/usr/bin/pcre-config'
PCRE_LIBS='-lpcre'
PEP8=''
PERL5CCCDLFLAGS='-fPIC'
PERL5CCDLFLAGS='-Wl,-E'
PERL5CCFLAGS='-D_REENTRANT -D_GNU_SOURCE -DDEBIAN -fwrapv -fno-strict-aliasing -pipe -isystem /usr/local/include -D_LARGEFILE_SOURCE -D_FILE_OFFSET_BITS=64'
PERL5DYNAMICLINKING=''
PERL5EXT='/usr/lib/x86_64-linux-gnu/perl/5.22/CORE'
PERL5LDFLAGS=' -fstack-protector-strong -L/usr/local/lib'
PERL5LIB='perl'
PERL='perl'
PHP5=''
PHP5INC=''
PHP5_SO='.so'
PHP=''
PHPINC=''
PHP_SO='.so'
PIKE=''
PIKECCDLFLAGS=''
PIKECONFIG=''
PIKEDYNAMICLINKING=''
PIKEINCLUDE=''
PKGCONFIG='pkg-config'
PLATCFLAGS=''
PLATCXXFLAGS=''
PY3CONFIG='python3-config'
PY3INCLUDE='-I/usr/include/python3.5m -I/usr/include/python3.5m'
PY3LIB=''
PY3LINK='-lpython3.5'
PYINCLUDE='-I/usr/include/python2.7 -I/usr/lib/python2.7/config'
PYLIB=''
PYLINK='-lpython2.7'
PYTHON3='python3'
PYTHON3DYNAMICLINKING=''
PYTHON='python'
PYTHONDYNAMICLINKING=''
PYTHON_SO='.so'
RBIN=''
ROOT_DIR='/home/intel/ros_voice_system/src/respeaker/swig-3.0.12'
RPATH='-Xlinker -rpath $(exec_prefix)/lib -Xlinker -rpath .'
RUBY='ruby'
RUBYCCDLFLAGS='-fPIC'
RUBYDYNAMICLINKING=''
RUBYINCLUDE=''
RUBYLIB='/usr/include/ruby-2.3.0'
RUBYLINK='-lruby-2.3 -lpthread -lgmp -ldl -lcrypt -lm '
RUBYSO='.so'
SCILAB=''
SCILABINCLUDE=''
SCILABOPT=''
SED='/bin/sed'
SET_MAKE=''
SHELL='/bin/bash'
SKIP_ALLEGROCL='1'
SKIP_ANDROID='1'
SKIP_CFFI='1'
SKIP_CHICKEN='1'
SKIP_CLISP='1'
SKIP_CSHARP='1'
SKIP_D='1'
SKIP_GCJ='1'
SKIP_GO='1'
SKIP_GUILE='1'
SKIP_JAVA='1'
SKIP_JAVASCRIPT='1'
SKIP_LUA='1'
SKIP_MODULA3='1'
SKIP_MZSCHEME='1'
SKIP_OCAML='1'
SKIP_OCTAVE='1'
SKIP_PERL5=''
SKIP_PHP5='1'
SKIP_PHP='1'
SKIP_PIKE='1'
SKIP_PYTHON3=''
SKIP_PYTHON=''
SKIP_R='1'
SKIP_RUBY='1'
SKIP_SCILAB='1'
SKIP_TCL=''
SKIP_UFFI='1'
SO='.so'
STRIP=''
SWIGLIBS=''
SWIG_LIB='/usr/local/share/swig/3.0.12'
SWIG_LIB_INSTALL='${datarootdir}/swig/3.0.12'
SWIG_LIB_PREINST='/home/intel/ros_voice_system/src/respeaker/swig-3.0.12/Lib'
SWIG_LIB_SET='env SWIG_LIB=$(SWIG_LIB_DIR)'
SWILL=''
TCLCXXSHARED='$(CXXSHARED)'
TCLDYNAMICLINKING=''
TCLINCLUDE='-isystem /usr/include/tcl8.6'
TCLLDSHARED='$(LDSHARED)'
TCLLIB='-L/usr/lib/x86_64-linux-gnu -ltcl8.6'
TCL_SO='.so'
TRYLINKINGWITHCXX='CXXSHARED= g++ -shared '
VERSION='3.0.12'
YACC='byacc'
YFLAGS=''
ac_aux_dir='Tools/config'
ac_ct_CC='gcc'
ac_ct_CXX='g++'
am__EXEEXT_FALSE=''
am__EXEEXT_TRUE='#'
am__fastdepCC_FALSE='#'
am__fastdepCC_TRUE=''
am__fastdepCXX_FALSE='#'
am__fastdepCXX_TRUE=''
am__include='include'
am__isrc=''
am__leading_dot='.'
am__nodep='_no'
am__quote=''
am__tar='$${TAR-tar} chof - "$$tardir"'
am__untar='$${TAR-tar} xf -'
bindir='${exec_prefix}/bin'
build='x86_64-pc-linux-gnu'
build_alias=''
build_cpu='x86_64'
build_os='linux-gnu'
build_vendor='pc'
datadir='${datarootdir}'
datarootdir='${prefix}/share'
docdir='${datarootdir}/doc/${PACKAGE_TARNAME}'
dvidir='${docdir}'
exec_prefix='${prefix}'
host='x86_64-pc-linux-gnu'
host_alias=''
host_cpu='x86_64'
host_os='linux-gnu'
host_vendor='pc'
htmldir='${docdir}'
includedir='${prefix}/include'
infodir='${datarootdir}/info'
install_sh='${SHELL} /home/intel/ros_voice_system/src/respeaker/swig-3.0.12/Tools/config/install-sh'
libdir='${exec_prefix}/lib'
libexecdir='${exec_prefix}/libexec'
localedir='${datarootdir}/locale'
localstatedir='${prefix}/var'
mandir='${datarootdir}/man'
mkdir_p='$(MKDIR_P)'
oldincludedir='/usr/include'
pdfdir='${docdir}'
prefix='/usr/local'
program_transform_name='s,x,x,'
psdir='${docdir}'
runstatedir='${localstatedir}/run'
sbindir='${exec_prefix}/sbin'
sharedstatedir='${prefix}/com'
subdirs=' CCache'
sysconfdir='${prefix}/etc'
target_alias=''

## ----------- ##
## confdefs.h. ##
## ----------- ##

/* confdefs.h */
#define PACKAGE_NAME "swig"
#define PACKAGE_TARNAME "swig"
#define PACKAGE_VERSION "3.0.12"
#define PACKAGE_STRING "swig 3.0.12"
#define PACKAGE_BUGREPORT "http://www.swig.org"
#define PACKAGE_URL ""
#define PACKAGE "swig"
#define VERSION "3.0.12"
#define SWIG_CXX "g++"
#define SWIG_PLATFORM "x86_64-pc-linux-gnu"
#define STDC_HEADERS 1
#define HAVE_POPEN 1
#define HAVE_PCRE 1
#define HAVE_BOOST /**/
#define HAVE_LIBDL 1
#define SWIG_LIB "/usr/local/share/swig/3.0.12"
#define SWIG_LIB_WIN_UNIX ""

configure: exit 0
