This file contains any messages produced by compilers while
running configure, to aid debugging if configure makes a mistake.

It was created by ccache-swig configure 0.0, which was
generated by GNU Autoconf 2.69.  Invocation command line was

  $ ./configure --disable-option-checking --prefix=/usr/local --cache-file=/dev/null --srcdir=.

## --------- ##
## Platform. ##
## --------- ##

hostname = mxDesktop
uname -m = x86_64
uname -r = 4.10.0-28-generic
uname -s = Linux
uname -v = #32~16.04.2-Ubuntu SMP Thu Jul 20 10:19:48 UTC 2017

/usr/bin/uname -p = unknown
/bin/uname -X     = unknown

/bin/arch              = unknown
/usr/bin/arch -k       = unknown
/usr/convex/getsysinfo = unknown
/usr/bin/hostinfo      = unknown
/bin/machine           = unknown
/usr/bin/oslevel       = unknown
/bin/universe          = unknown

PATH: /home/intel/catkin_ws/devel/bin
PATH: /opt/ros/kinetic/bin
PATH: /home/intel/bin
PATH: /home/intel/.local/bin
PATH: /usr/local/sbin
PATH: /usr/local/bin
PATH: /usr/sbin
PATH: /usr/bin
PATH: /sbin
PATH: /bin
PATH: /usr/games
PATH: /usr/local/games
PATH: /snap/bin


## ----------- ##
## Core tests. ##
## ----------- ##

configure:2109: Configuring ccache
configure:2163: checking for gcc
configure:2179: found /usr/bin/gcc
configure:2190: result: gcc
configure:2419: checking for C compiler version
configure:2428: gcc --version >&5
gcc (Ubuntu 5.4.0-6ubuntu1~16.04.9) 5.4.0 20160609
Copyright (C) 2015 Free Software Foundation, Inc.
This is free software; see the source for copying conditions.  There is NO
warranty; not even for MERCHANTABILITY or FITNESS FOR A PARTICULAR PURPOSE.

configure:2439: $? = 0
configure:2428: gcc -v >&5
Using built-in specs.
COLLECT_GCC=gcc
COLLECT_LTO_WRAPPER=/usr/lib/gcc/x86_64-linux-gnu/5/lto-wrapper
Target: x86_64-linux-gnu
Configured with: ../src/configure -v --with-pkgversion='Ubuntu 5.4.0-6ubuntu1~16.04.9' --with-bugurl=file:///usr/share/doc/gcc-5/README.Bugs --enable-languages=c,ada,c++,java,go,d,fortran,objc,obj-c++ --prefix=/usr --program-suffix=-5 --enable-shared --enable-linker-build-id --libexecdir=/usr/lib --without-included-gettext --enable-threads=posix --libdir=/usr/lib --enable-nls --with-sysroot=/ --enable-clocale=gnu --enable-libstdcxx-debug --enable-libstdcxx-time=yes --with-default-libstdcxx-abi=new --enable-gnu-unique-object --disable-vtable-verify --enable-libmpx --enable-plugin --with-system-zlib --disable-browser-plugin --enable-java-awt=gtk --enable-gtk-cairo --with-java-home=/usr/lib/jvm/java-1.5.0-gcj-5-amd64/jre --enable-java-home --with-jvm-root-dir=/usr/lib/jvm/java-1.5.0-gcj-5-amd64 --with-jvm-jar-dir=/usr/lib/jvm-exports/java-1.5.0-gcj-5-amd64 --with-arch-directory=amd64 --with-ecj-jar=/usr/share/java/eclipse-ecj.jar --enable-objc-gc --enable-multiarch --disable-werror --with-arch-32=i686 --with-abi=m64 --with-multilib-list=m32,m64,mx32 --enable-multilib --with-tune=generic --enable-checking=release --build=x86_64-linux-gnu --host=x86_64-linux-gnu --target=x86_64-linux-gnu
Thread model: posix
gcc version 5.4.0 20160609 (Ubuntu 5.4.0-6ubuntu1~16.04.9) 
configure:2439: $? = 0
configure:2428: gcc -V >&5
gcc: error: unrecognized command line option '-V'
gcc: fatal error: no input files
compilation terminated.
configure:2439: $? = 1
configure:2428: gcc -qversion >&5
gcc: error: unrecognized command line option '-qversion'
gcc: fatal error: no input files
compilation terminated.
configure:2439: $? = 1
configure:2459: checking whether the C compiler works
configure:2481: gcc     conftest.c  >&5
configure:2485: $? = 0
configure:2533: result: yes
configure:2536: checking for C compiler default output file name
configure:2538: result: a.out
configure:2544: checking for suffix of executables
configure:2551: gcc -o conftest     conftest.c  >&5
configure:2555: $? = 0
configure:2577: result: 
configure:2599: checking whether we are cross compiling
configure:2607: gcc -o conftest     conftest.c  >&5
configure:2611: $? = 0
configure:2618: ./conftest
configure:2622: $? = 0
configure:2637: result: no
configure:2642: checking for suffix of object files
configure:2664: gcc -c    conftest.c >&5
configure:2668: $? = 0
configure:2689: result: o
configure:2693: checking whether we are using the GNU C compiler
configure:2712: gcc -c    conftest.c >&5
configure:2712: $? = 0
configure:2721: result: yes
configure:2730: checking whether gcc accepts -g
configure:2750: gcc -c -g   conftest.c >&5
configure:2750: $? = 0
configure:2791: result: yes
configure:2808: checking for gcc option to accept ISO C89
configure:2871: gcc  -c -g -O2   conftest.c >&5
configure:2871: $? = 0
configure:2884: result: none needed
configure:2909: checking how to run the C preprocessor
configure:2940: gcc -E   conftest.c
configure:2940: $? = 0
configure:2954: gcc -E   conftest.c
conftest.c:9:28: fatal error: ac_nonexistent.h: No such file or directory
compilation terminated.
configure:2954: $? = 1
configure: failed program was:
| /* confdefs.h */
| #define PACKAGE_NAME "ccache-swig"
| #define PACKAGE_TARNAME "ccache-swig"
| #define PACKAGE_VERSION "0.0"
| #define PACKAGE_STRING "ccache-swig 0.0"
| #define PACKAGE_BUGREPORT ""
| #define PACKAGE_URL ""
| /* end confdefs.h.  */
| #include <ac_nonexistent.h>
configure:2979: result: gcc -E
configure:2999: gcc -E   conftest.c
configure:2999: $? = 0
configure:3013: gcc -E   conftest.c
conftest.c:9:28: fatal error: ac_nonexistent.h: No such file or directory
compilation terminated.
configure:3013: $? = 1
configure: failed program was:
| /* confdefs.h */
| #define PACKAGE_NAME "ccache-swig"
| #define PACKAGE_TARNAME "ccache-swig"
| #define PACKAGE_VERSION "0.0"
| #define PACKAGE_STRING "ccache-swig 0.0"
| #define PACKAGE_BUGREPORT ""
| #define PACKAGE_URL ""
| /* end confdefs.h.  */
| #include <ac_nonexistent.h>
configure:3084: checking for a BSD-compatible install
configure:3152: result: /usr/bin/install -c
configure:3190: checking for dirent.h that defines DIR
configure:3209: gcc -c -g -O2 -Wall -W   conftest.c >&5
configure:3209: $? = 0
configure:3217: result: yes
configure:3230: checking for library containing opendir
configure:3261: gcc -o conftest -g -O2 -Wall -W    conftest.c  >&5
configure:3261: $? = 0
configure:3278: result: none required
configure:3345: checking whether time.h and sys/time.h may both be included
configure:3365: gcc -c -g -O2 -Wall -W   conftest.c >&5
configure:3365: $? = 0
configure:3372: result: yes
configure:3380: checking for sys/wait.h that is POSIX.1 compatible
configure:3406: gcc -c -g -O2 -Wall -W   conftest.c >&5
configure:3406: $? = 0
configure:3413: result: yes
configure:3423: checking for grep that handles long lines and -e
configure:3481: result: /bin/grep
configure:3486: checking for egrep
configure:3548: result: /bin/grep -E
configure:3553: checking for ANSI C header files
configure:3573: gcc -c -g -O2 -Wall -W   conftest.c >&5
configure:3573: $? = 0
configure:3646: gcc -o conftest -g -O2 -Wall -W    conftest.c  >&5
configure:3646: $? = 0
configure:3646: ./conftest
configure:3646: $? = 0
configure:3657: result: yes
configure:3670: checking for sys/types.h
configure:3670: gcc -c -g -O2 -Wall -W   conftest.c >&5
configure:3670: $? = 0
configure:3670: result: yes
configure:3670: checking for sys/stat.h
configure:3670: gcc -c -g -O2 -Wall -W   conftest.c >&5
configure:3670: $? = 0
configure:3670: result: yes
configure:3670: checking for stdlib.h
configure:3670: gcc -c -g -O2 -Wall -W   conftest.c >&5
configure:3670: $? = 0
configure:3670: result: yes
configure:3670: checking for string.h
configure:3670: gcc -c -g -O2 -Wall -W   conftest.c >&5
configure:3670: $? = 0
configure:3670: result: yes
configure:3670: checking for memory.h
configure:3670: gcc -c -g -O2 -Wall -W   conftest.c >&5
configure:3670: $? = 0
configure:3670: result: yes
configure:3670: checking for strings.h
configure:3670: gcc -c -g -O2 -Wall -W   conftest.c >&5
configure:3670: $? = 0
configure:3670: result: yes
configure:3670: checking for inttypes.h
configure:3670: gcc -c -g -O2 -Wall -W   conftest.c >&5
configure:3670: $? = 0
configure:3670: result: yes
configure:3670: checking for stdint.h
configure:3670: gcc -c -g -O2 -Wall -W   conftest.c >&5
configure:3670: $? = 0
configure:3670: result: yes
configure:3670: checking for unistd.h
configure:3670: gcc -c -g -O2 -Wall -W   conftest.c >&5
configure:3670: $? = 0
configure:3670: result: yes
configure:3685: checking ctype.h usability
configure:3685: gcc -c -g -O2 -Wall -W   conftest.c >&5
configure:3685: $? = 0
configure:3685: result: yes
configure:3685: checking ctype.h presence
configure:3685: gcc -E   conftest.c
configure:3685: $? = 0
configure:3685: result: yes
configure:3685: checking for ctype.h
configure:3685: result: yes
configure:3685: checking for strings.h
configure:3685: result: yes
configure:3685: checking for stdlib.h
configure:3685: result: yes
configure:3685: checking for string.h
configure:3685: result: yes
configure:3685: checking pwd.h usability
configure:3685: gcc -c -g -O2 -Wall -W   conftest.c >&5
configure:3685: $? = 0
configure:3685: result: yes
configure:3685: checking pwd.h presence
configure:3685: gcc -E   conftest.c
configure:3685: $? = 0
configure:3685: result: yes
configure:3685: checking for pwd.h
configure:3685: result: yes
configure:3685: checking sys/time.h usability
configure:3685: gcc -c -g -O2 -Wall -W   conftest.c >&5
configure:3685: $? = 0
configure:3685: result: yes
configure:3685: checking sys/time.h presence
configure:3685: gcc -E   conftest.c
configure:3685: $? = 0
configure:3685: result: yes
configure:3685: checking for sys/time.h
configure:3685: result: yes
configure:3699: checking for realpath
configure:3699: gcc -o conftest -g -O2 -Wall -W    conftest.c  >&5
configure:3699: $? = 0
configure:3699: result: yes
configure:3699: checking for snprintf
configure:3699: gcc -o conftest -g -O2 -Wall -W    conftest.c  >&5
conftest.c:53:6: warning: conflicting types for built-in function 'snprintf'
 char snprintf ();
      ^
configure:3699: $? = 0
configure:3699: result: yes
configure:3699: checking for vsnprintf
configure:3699: gcc -o conftest -g -O2 -Wall -W    conftest.c  >&5
conftest.c:54:6: warning: conflicting types for built-in function 'vsnprintf'
 char vsnprintf ();
      ^
configure:3699: $? = 0
configure:3699: result: yes
configure:3699: checking for vasprintf
configure:3699: gcc -o conftest -g -O2 -Wall -W    conftest.c  >&5
configure:3699: $? = 0
configure:3699: result: yes
configure:3699: checking for asprintf
configure:3699: gcc -o conftest -g -O2 -Wall -W    conftest.c  >&5
configure:3699: $? = 0
configure:3699: result: yes
configure:3699: checking for mkstemp
configure:3699: gcc -o conftest -g -O2 -Wall -W    conftest.c  >&5
configure:3699: $? = 0
configure:3699: result: yes
configure:3711: checking for gethostname
configure:3711: gcc -o conftest -g -O2 -Wall -W    conftest.c  >&5
configure:3711: $? = 0
configure:3711: result: yes
configure:3711: checking for getpwuid
configure:3711: gcc -o conftest -g -O2 -Wall -W    conftest.c  >&5
configure:3711: $? = 0
configure:3711: result: yes
configure:3722: checking for utimes
configure:3722: gcc -o conftest -g -O2 -Wall -W    conftest.c  >&5
configure:3722: $? = 0
configure:3722: result: yes
configure:3732: checking for compar_fn_t in stdlib.h
configure:3751: gcc -c -g -O2 -Wall -W   conftest.c >&5
conftest.c: In function 'test_fn':
conftest.c:43:1: warning: null argument where non-null required (argument 1) [-Wnonnull]
 void test_fn(void) { qsort(NULL, 0, 0, (__compar_fn_t)NULL); }
 ^
conftest.c:43:1: warning: null argument where non-null required (argument 4) [-Wnonnull]
configure:3751: $? = 0
configure:3758: result: yes
configure:3766: checking for C99 vsnprintf
configure:3797: gcc -o conftest -g -O2 -Wall -W    conftest.c  >&5
conftest.c: In function 'foo':
conftest.c:48:14: warning: implicit declaration of function 'vsnprintf' [-Wimplicit-function-declaration]
        len = vsnprintf(0, 0, format, ap);
              ^
conftest.c:50:22: warning: implicit declaration of function 'exit' [-Wimplicit-function-declaration]
        if (len != 5) exit(1);
                      ^
conftest.c:50:22: warning: incompatible implicit declaration of built-in function 'exit'
conftest.c:50:22: note: include '<stdlib.h>' or provide a declaration of 'exit'
conftest.c:52:12: warning: implicit declaration of function 'snprintf' [-Wimplicit-function-declaration]
        if (snprintf(buf, 3, "hello") != 5 || strcmp(buf, "he") != 0) exit(1);
            ^
conftest.c:52:12: warning: incompatible implicit declaration of built-in function 'snprintf'
conftest.c:52:12: note: include '<stdio.h>' or provide a declaration of 'snprintf'
conftest.c:52:46: warning: implicit declaration of function 'strcmp' [-Wimplicit-function-declaration]
        if (snprintf(buf, 3, "hello") != 5 || strcmp(buf, "he") != 0) exit(1);
                                              ^
conftest.c:52:70: warning: incompatible implicit declaration of built-in function 'exit'
        if (snprintf(buf, 3, "hello") != 5 || strcmp(buf, "he") != 0) exit(1);
                                                                      ^
conftest.c:52:70: note: include '<stdlib.h>' or provide a declaration of 'exit'
conftest.c:54:8: warning: incompatible implicit declaration of built-in function 'exit'
        exit(0);
        ^
conftest.c:54:8: note: include '<stdlib.h>' or provide a declaration of 'exit'
conftest.c: At top level:
conftest.c:56:1: warning: return type defaults to 'int' [-Wimplicit-int]
 main() { foo("hello"); }
 ^
configure:3797: $? = 0
configure:3797: ./conftest
configure:3797: $? = 0
configure:3807: result: yes
configure:3824: checking zlib.h usability
configure:3824: gcc -c -g -O2 -Wall -W   conftest.c >&5
configure:3824: $? = 0
configure:3824: result: yes
configure:3824: checking zlib.h presence
configure:3824: gcc -E   conftest.c
configure:3824: $? = 0
configure:3824: result: yes
configure:3824: checking for zlib.h
configure:3824: result: yes
configure:3826: checking for gzdopen in -lz
configure:3851: gcc -o conftest -g -O2 -Wall -W    conftest.c -lz   >&5
configure:3851: $? = 0
configure:3860: result: yes
configure:3990: creating ./config.status

## ---------------------- ##
## Running config.status. ##
## ---------------------- ##

This file was extended by ccache-swig config.status 0.0, which was
generated by GNU Autoconf 2.69.  Invocation command line was

  CONFIG_FILES    = 
  CONFIG_HEADERS  = 
  CONFIG_LINKS    = 
  CONFIG_COMMANDS = 
  $ ./config.status 

on mxDesktop

config.status:824: creating Makefile
config.status:824: creating config.h
config.status:999: config.h is unchanged

## ---------------- ##
## Cache variables. ##
## ---------------- ##

ac_cv_c_compiler_gnu=yes
ac_cv_env_CC_set=
ac_cv_env_CC_value=
ac_cv_env_CFLAGS_set=
ac_cv_env_CFLAGS_value=
ac_cv_env_CPPFLAGS_set=set
ac_cv_env_CPPFLAGS_value=' '
ac_cv_env_CPP_set=
ac_cv_env_CPP_value=
ac_cv_env_LDFLAGS_set=set
ac_cv_env_LDFLAGS_value=
ac_cv_env_LIBS_set=
ac_cv_env_LIBS_value=
ac_cv_env_build_alias_set=
ac_cv_env_build_alias_value=
ac_cv_env_host_alias_set=
ac_cv_env_host_alias_value=
ac_cv_env_target_alias_set=
ac_cv_env_target_alias_value=
ac_cv_func_asprintf=yes
ac_cv_func_gethostname=yes
ac_cv_func_getpwuid=yes
ac_cv_func_mkstemp=yes
ac_cv_func_realpath=yes
ac_cv_func_snprintf=yes
ac_cv_func_utimes=yes
ac_cv_func_vasprintf=yes
ac_cv_func_vsnprintf=yes
ac_cv_header_ctype_h=yes
ac_cv_header_dirent_dirent_h=yes
ac_cv_header_inttypes_h=yes
ac_cv_header_memory_h=yes
ac_cv_header_pwd_h=yes
ac_cv_header_stdc=yes
ac_cv_header_stdint_h=yes
ac_cv_header_stdlib_h=yes
ac_cv_header_string_h=yes
ac_cv_header_strings_h=yes
ac_cv_header_sys_stat_h=yes
ac_cv_header_sys_time_h=yes
ac_cv_header_sys_types_h=yes
ac_cv_header_sys_wait_h=yes
ac_cv_header_time=yes
ac_cv_header_unistd_h=yes
ac_cv_header_zlib_h=yes
ac_cv_lib_z_gzdopen=yes
ac_cv_objext=o
ac_cv_path_EGREP='/bin/grep -E'
ac_cv_path_GREP=/bin/grep
ac_cv_path_install='/usr/bin/install -c'
ac_cv_prog_CPP='gcc -E'
ac_cv_prog_ac_ct_CC=gcc
ac_cv_prog_cc_c89=
ac_cv_prog_cc_g=yes
ac_cv_search_opendir='none required'
ccache_cv_COMPAR_FN_T=yes
ccache_cv_HAVE_C99_VSNPRINTF=yes

## ----------------- ##
## Output variables. ##
## ----------------- ##

CC='gcc'
CFLAGS='-g -O2 -Wall -W'
CPP='gcc -E'
CPPFLAGS=' '
DEFS='-DHAVE_CONFIG_H'
ECHO_C=''
ECHO_N='-n'
ECHO_T=''
EGREP='/bin/grep -E'
EXEEXT=''
GREP='/bin/grep'
INSTALL_DATA='${INSTALL} -m 644'
INSTALL_PROGRAM='${INSTALL}'
INSTALL_SCRIPT='${INSTALL}'
LDFLAGS=''
LIBOBJS=''
LIBS='-lz '
LTLIBOBJS=''
OBJEXT='o'
PACKAGE_BUGREPORT=''
PACKAGE_NAME='ccache-swig'
PACKAGE_STRING='ccache-swig 0.0'
PACKAGE_TARNAME='ccache-swig'
PACKAGE_URL=''
PACKAGE_VERSION='0.0'
PATH_SEPARATOR=':'
SHELL='/bin/bash'
ac_ct_CC='gcc'
bindir='${exec_prefix}/bin'
build_alias=''
datadir='${datarootdir}'
datarootdir='${prefix}/share'
docdir='${datarootdir}/doc/${PACKAGE_TARNAME}'
dvidir='${docdir}'
exec_prefix='${prefix}'
host_alias=''
htmldir='${docdir}'
includedir='${prefix}/include'
infodir='${datarootdir}/info'
libdir='${exec_prefix}/lib'
libexecdir='${exec_prefix}/libexec'
localedir='${datarootdir}/locale'
localstatedir='${prefix}/var'
mandir='${datarootdir}/man'
oldincludedir='/usr/include'
pdfdir='${docdir}'
prefix='/usr/local'
program_transform_name='s,x,x,'
psdir='${docdir}'
runstatedir='${localstatedir}/run'
sbindir='${exec_prefix}/sbin'
sharedstatedir='${prefix}/com'
sysconfdir='${prefix}/etc'
target_alias=''

## ----------- ##
## confdefs.h. ##
## ----------- ##

/* confdefs.h */
#define PACKAGE_NAME "ccache-swig"
#define PACKAGE_TARNAME "ccache-swig"
#define PACKAGE_VERSION "0.0"
#define PACKAGE_STRING "ccache-swig 0.0"
#define PACKAGE_BUGREPORT ""
#define PACKAGE_URL ""
#define _GNU_SOURCE 1
#define HAVE_DIRENT_H 1
#define TIME_WITH_SYS_TIME 1
#define HAVE_SYS_WAIT_H 1
#define STDC_HEADERS 1
#define HAVE_SYS_TYPES_H 1
#define HAVE_SYS_STAT_H 1
#define HAVE_STDLIB_H 1
#define HAVE_STRING_H 1
#define HAVE_MEMORY_H 1
#define HAVE_STRINGS_H 1
#define HAVE_INTTYPES_H 1
#define HAVE_STDINT_H 1
#define HAVE_UNISTD_H 1
#define HAVE_CTYPE_H 1
#define HAVE_STRINGS_H 1
#define HAVE_STDLIB_H 1
#define HAVE_STRING_H 1
#define HAVE_PWD_H 1
#define HAVE_SYS_TIME_H 1
#define HAVE_REALPATH 1
#define HAVE_SNPRINTF 1
#define HAVE_VSNPRINTF 1
#define HAVE_VASPRINTF 1
#define HAVE_ASPRINTF 1
#define HAVE_MKSTEMP 1
#define HAVE_GETHOSTNAME 1
#define HAVE_GETPWUID 1
#define HAVE_UTIMES 1
#define HAVE_COMPAR_FN_T 1
#define HAVE_C99_VSNPRINTF 1
#define ENABLE_ZLIB 1

configure: exit 0
